10:55:57
org.springframework.jdbc.CannotGetJdbcConnectionException: Could not get JDBC Connection; nested exception is org.apache.commons.dbcp.SQLNestedException: Cannot create PoolableConnectionFactory (Access denied for user 'rpt'@'10.88.1.60' (using password: YES))
Caused by: org.apache.commons.dbcp.SQLNestedException: Cannot create PoolableConnectionFactory (Access denied for user 'rpt'@'10.88.1.60' (using password: YES))
	at org.apache.commons.dbcp.BasicDataSource.createDataSource(BasicDataSource.java:855)
	at org.apache.commons.dbcp.BasicDataSource.getConnection(BasicDataSource.java:540)
	at org.springframework.jdbc.datasource.DataSourceUtils.doGetConnection(DataSourceUtils.java:112)
	at org.springframework.jdbc.datasource.DataSourceUtils.getConnection(DataSourceUtils.java:77)
	at com.synnex.cdc.waf.sql.SQLDAO.createConnection(SQLDAO.java:1282)
	at com.synnex.cdc.waf.sql.SQLDAO.executeQuery(SQLDAO.java:242)
	at com.synnex.cdc.waf.sql.SQLDAO.executeQuery(SQLDAO.java:226)
	at com.synnex.cdc.waf.sql.SQLDAO.search(SQLDAO.java:1260)
	at com.rpt.pub.BReportDaily.searchRptProductivity(BReportDaily.java:52)
	at com.rpt.pub.BReportDaily.main(BReportDaily.java:36)
Caused by: java.sql.SQLException: Access denied for user 'rpt'@'10.88.1.60' (using password: YES)
	at com.mysql.jdbc.SQLError.createSQLException(SQLError.java:1055)
	at com.mysql.jdbc.SQLError.createSQLException(SQLError.java:956)
	at com.mysql.jdbc.MysqlIO.checkErrorPacket(MysqlIO.java:3515)
	at com.mysql.jdbc.MysqlIO.checkErrorPacket(MysqlIO.java:3447)
	at com.mysql.jdbc.MysqlIO.checkErrorPacket(MysqlIO.java:911)
	at com.mysql.jdbc.MysqlIO.secureAuth411(MysqlIO.java:3953)
	at com.mysql.jdbc.MysqlIO.doHandshake(MysqlIO.java:1276)
	at com.mysql.jdbc.ConnectionImpl.createNewIO(ConnectionImpl.java:2048)
	at com.mysql.jdbc.ConnectionImpl.<init>(ConnectionImpl.java:723)
	at com.mysql.jdbc.JDBC4Connection.<init>(JDBC4Connection.java:46)
	at sun.reflect.NativeConstructorAccessorImpl.newInstance0(Native Method)
	at sun.reflect.NativeConstructorAccessorImpl.newInstance(NativeConstructorAccessorImpl.java:39)
	at sun.reflect.DelegatingConstructorAccessorImpl.newInstance(DelegatingConstructorAccessorImpl.java:27)
	at java.lang.reflect.Constructor.newInstance(Constructor.java:506)
	at com.mysql.jdbc.Util.handleNewInstance(Util.java:406)
	at com.mysql.jdbc.ConnectionImpl.getInstance(ConnectionImpl.java:302)
	at com.mysql.jdbc.NonRegisteringDriver.connect(NonRegisteringDriver.java:282)
	at org.apache.commons.dbcp.DriverConnectionFactory.createConnection(DriverConnectionFactory.java:37)
	at org.apache.commons.dbcp.PoolableConnectionFactory.makeObject(PoolableConnectionFactory.java:290)
	at org.apache.commons.dbcp.BasicDataSource.validateConnectionFactory(BasicDataSource.java:877)
	at org.apache.commons.dbcp.BasicDataSource.createDataSource(BasicDataSource.java:851)
	... 9 more
10:56:49
org.springframework.jdbc.CannotGetJdbcConnectionException: Could not get JDBC Connection; nested exception is org.apache.commons.dbcp.SQLNestedException: Cannot create PoolableConnectionFactory (Unknown database 'tpgag')
Caused by: org.apache.commons.dbcp.SQLNestedException: Cannot create PoolableConnectionFactory (Unknown database 'tpgag')
	at org.apache.commons.dbcp.BasicDataSource.createDataSource(BasicDataSource.java:855)
	at org.apache.commons.dbcp.BasicDataSource.getConnection(BasicDataSource.java:540)
	at org.springframework.jdbc.datasource.DataSourceUtils.doGetConnection(DataSourceUtils.java:112)
	at org.springframework.jdbc.datasource.DataSourceUtils.getConnection(DataSourceUtils.java:77)
	at com.synnex.cdc.waf.sql.SQLDAO.createConnection(SQLDAO.java:1282)
	at com.synnex.cdc.waf.sql.SQLDAO.executeQuery(SQLDAO.java:242)
	at com.synnex.cdc.waf.sql.SQLDAO.executeQuery(SQLDAO.java:226)
	at com.synnex.cdc.waf.sql.SQLDAO.search(SQLDAO.java:1260)
	at com.rpt.pub.BReportDaily.searchRptProductivity(BReportDaily.java:52)
	at com.rpt.pub.BReportDaily.main(BReportDaily.java:36)
Caused by: com.mysql.jdbc.exceptions.jdbc4.MySQLSyntaxErrorException: Unknown database 'tpgag'
	at sun.reflect.NativeConstructorAccessorImpl.newInstance0(Native Method)
	at sun.reflect.NativeConstructorAccessorImpl.newInstance(NativeConstructorAccessorImpl.java:39)
	at sun.reflect.DelegatingConstructorAccessorImpl.newInstance(DelegatingConstructorAccessorImpl.java:27)
	at java.lang.reflect.Constructor.newInstance(Constructor.java:506)
	at com.mysql.jdbc.Util.handleNewInstance(Util.java:406)
	at com.mysql.jdbc.Util.getInstance(Util.java:381)
	at com.mysql.jdbc.SQLError.createSQLException(SQLError.java:1030)
	at com.mysql.jdbc.SQLError.createSQLException(SQLError.java:956)
	at com.mysql.jdbc.MysqlIO.checkErrorPacket(MysqlIO.java:3515)
	at com.mysql.jdbc.MysqlIO.checkErrorPacket(MysqlIO.java:3447)
	at com.mysql.jdbc.MysqlIO.checkErrorPacket(MysqlIO.java:911)
	at com.mysql.jdbc.MysqlIO.secureAuth411(MysqlIO.java:3953)
	at com.mysql.jdbc.MysqlIO.doHandshake(MysqlIO.java:1276)
	at com.mysql.jdbc.ConnectionImpl.createNewIO(ConnectionImpl.java:2048)
	at com.mysql.jdbc.ConnectionImpl.<init>(ConnectionImpl.java:723)
	at com.mysql.jdbc.JDBC4Connection.<init>(JDBC4Connection.java:46)
	at sun.reflect.NativeConstructorAccessorImpl.newInstance0(Native Method)
	at sun.reflect.NativeConstructorAccessorImpl.newInstance(NativeConstructorAccessorImpl.java:39)
	at sun.reflect.DelegatingConstructorAccessorImpl.newInstance(DelegatingConstructorAccessorImpl.java:27)
	at java.lang.reflect.Constructor.newInstance(Constructor.java:506)
	at com.mysql.jdbc.Util.handleNewInstance(Util.java:406)
	at com.mysql.jdbc.ConnectionImpl.getInstance(ConnectionImpl.java:302)
	at com.mysql.jdbc.NonRegisteringDriver.connect(NonRegisteringDriver.java:282)
	at org.apache.commons.dbcp.DriverConnectionFactory.createConnection(DriverConnectionFactory.java:37)
	at org.apache.commons.dbcp.PoolableConnectionFactory.makeObject(PoolableConnectionFactory.java:290)
	at org.apache.commons.dbcp.BasicDataSource.validateConnectionFactory(BasicDataSource.java:877)
	at org.apache.commons.dbcp.BasicDataSource.createDataSource(BasicDataSource.java:851)
	... 9 more
10:57:02 SendMail:from:walkerh@ndscd.com to:walkerh@ndscd.com subject:Daily report - 2014-05-27
10:57:02 SendMail:from:walkerh@ndscd.com to:walkerh@ndscd.com successed.
10:59:27 SendMail:from:walkerh@ndscd.com to:walkerh@ndscd.com subject:Daily report - 2014-05-27
10:59:27 SendMail:from:walkerh@ndscd.com to:walkerh@ndscd.com successed.
11:03:05 SendMail:from:walkerh@ndscd.com to:walkerh@ndscd.com subject:Daily report - 2014-05-27
11:03:05 SendMail:from:walkerh@ndscd.com to:walkerh@ndscd.com successed.
11:10:45 SendMail:from:walkerh@ndscd.com to:walkerh@ndscd.com subject:Daily report - 05/27
11:10:45 SendMail:from:walkerh@ndscd.com to:walkerh@ndscd.com successed.
11:28:35
com.mysql.jdbc.exceptions.jdbc4.MySQLSyntaxErrorException: Unknown column 'ts' in 'where clause'
	at sun.reflect.NativeConstructorAccessorImpl.newInstance0(Native Method)
	at sun.reflect.NativeConstructorAccessorImpl.newInstance(NativeConstructorAccessorImpl.java:39)
	at sun.reflect.DelegatingConstructorAccessorImpl.newInstance(DelegatingConstructorAccessorImpl.java:27)
	at java.lang.reflect.Constructor.newInstance(Constructor.java:506)
	at com.mysql.jdbc.Util.handleNewInstance(Util.java:406)
	at com.mysql.jdbc.Util.getInstance(Util.java:381)
	at com.mysql.jdbc.SQLError.createSQLException(SQLError.java:1030)
	at com.mysql.jdbc.SQLError.createSQLException(SQLError.java:956)
	at com.mysql.jdbc.MysqlIO.checkErrorPacket(MysqlIO.java:3515)
	at com.mysql.jdbc.MysqlIO.checkErrorPacket(MysqlIO.java:3447)
	at com.mysql.jdbc.MysqlIO.sendCommand(MysqlIO.java:1951)
	at com.mysql.jdbc.MysqlIO.sqlQueryDirect(MysqlIO.java:2101)
	at com.mysql.jdbc.ConnectionImpl.execSQL(ConnectionImpl.java:2548)
	at com.mysql.jdbc.ConnectionImpl.execSQL(ConnectionImpl.java:2477)
	at com.mysql.jdbc.StatementImpl.executeQuery(StatementImpl.java:1422)
	at org.apache.commons.dbcp.DelegatingStatement.executeQuery(DelegatingStatement.java:205)
	at com.synnex.cdc.waf.sql.SQLDAO.executeQuery(SQLDAO.java:244)
	at com.synnex.cdc.waf.sql.SQLDAO.executeQuery(SQLDAO.java:226)
	at com.synnex.cdc.waf.sql.SQLDAO.search(SQLDAO.java:1260)
	at com.rpt.pub.BReportDaily.searchRptProductivity(BReportDaily.java:53)
	at com.rpt.pub.BReportDaily.main(BReportDaily.java:37)
11:29:06 SendMail:from:walkerh@ndscd.com to:walkerh@ndscd.com subject:Daily report - 05/27
11:29:06 SendMail:from:walkerh@ndscd.com to:walkerh@ndscd.com successed.
12:08:26
com.mysql.jdbc.exceptions.jdbc4.MySQLSyntaxErrorException: Key column 'id' doesn't exist in table
	at sun.reflect.NativeConstructorAccessorImpl.newInstance0(Native Method)
	at sun.reflect.NativeConstructorAccessorImpl.newInstance(NativeConstructorAccessorImpl.java:39)
	at sun.reflect.DelegatingConstructorAccessorImpl.newInstance(DelegatingConstructorAccessorImpl.java:27)
	at java.lang.reflect.Constructor.newInstance(Constructor.java:506)
	at com.mysql.jdbc.Util.handleNewInstance(Util.java:406)
	at com.mysql.jdbc.Util.getInstance(Util.java:381)
	at com.mysql.jdbc.SQLError.createSQLException(SQLError.java:1030)
	at com.mysql.jdbc.SQLError.createSQLException(SQLError.java:956)
	at com.mysql.jdbc.MysqlIO.checkErrorPacket(MysqlIO.java:3515)
	at com.mysql.jdbc.MysqlIO.checkErrorPacket(MysqlIO.java:3447)
	at com.mysql.jdbc.MysqlIO.sendCommand(MysqlIO.java:1951)
	at com.mysql.jdbc.MysqlIO.sqlQueryDirect(MysqlIO.java:2101)
	at com.mysql.jdbc.ConnectionImpl.execSQL(ConnectionImpl.java:2548)
	at com.mysql.jdbc.ConnectionImpl.execSQL(ConnectionImpl.java:2477)
	at com.mysql.jdbc.StatementImpl.executeQuery(StatementImpl.java:1422)
	at org.apache.commons.dbcp.DelegatingStatement.executeQuery(DelegatingStatement.java:205)
	at com.synnex.cdc.waf.sql.SQLDAO.executeQuery(SQLDAO.java:244)
	at com.synnex.cdc.waf.sql.SQLDAO.executeQuery(SQLDAO.java:226)
	at com.synnex.cdc.waf.sql.SQLDAO.search(SQLDAO.java:1260)
	at com.rpt.pub.BReportDaily.searchRptDailyTpgag(BReportDaily.java:108)
	at com.rpt.pub.BReportDaily.main(BReportDaily.java:44)
12:09:07
com.mysql.jdbc.exceptions.jdbc4.MySQLSyntaxErrorException: Key column 'id' doesn't exist in table
	at sun.reflect.NativeConstructorAccessorImpl.newInstance0(Native Method)
	at sun.reflect.NativeConstructorAccessorImpl.newInstance(NativeConstructorAccessorImpl.java:39)
	at sun.reflect.DelegatingConstructorAccessorImpl.newInstance(DelegatingConstructorAccessorImpl.java:27)
	at java.lang.reflect.Constructor.newInstance(Constructor.java:506)
	at com.mysql.jdbc.Util.handleNewInstance(Util.java:406)
	at com.mysql.jdbc.Util.getInstance(Util.java:381)
	at com.mysql.jdbc.SQLError.createSQLException(SQLError.java:1030)
	at com.mysql.jdbc.SQLError.createSQLException(SQLError.java:956)
	at com.mysql.jdbc.MysqlIO.checkErrorPacket(MysqlIO.java:3515)
	at com.mysql.jdbc.MysqlIO.checkErrorPacket(MysqlIO.java:3447)
	at com.mysql.jdbc.MysqlIO.sendCommand(MysqlIO.java:1951)
	at com.mysql.jdbc.MysqlIO.sqlQueryDirect(MysqlIO.java:2101)
	at com.mysql.jdbc.ConnectionImpl.execSQL(ConnectionImpl.java:2548)
	at com.mysql.jdbc.ConnectionImpl.execSQL(ConnectionImpl.java:2477)
	at com.mysql.jdbc.StatementImpl.executeQuery(StatementImpl.java:1422)
	at org.apache.commons.dbcp.DelegatingStatement.executeQuery(DelegatingStatement.java:205)
	at com.synnex.cdc.waf.sql.SQLDAO.executeQuery(SQLDAO.java:244)
	at com.synnex.cdc.waf.sql.SQLDAO.executeQuery(SQLDAO.java:226)
	at com.synnex.cdc.waf.sql.SQLDAO.search(SQLDAO.java:1260)
	at com.rpt.pub.BReportDaily.searchRptDailyTpgag(BReportDaily.java:108)
	at com.rpt.pub.BReportDaily.main(BReportDaily.java:44)
12:14:59 SendMail:from:walkerh@ndscd.com to:walkerh@ndscd.com subject:Daily report - 05/27
12:14:59 SendMail:from:walkerh@ndscd.com to:walkerh@ndscd.com successed.
12:17:03 SendMail:from:walkerh@ndscd.com to:walkerh@ndscd.com subject:Daily report - 05/27
12:17:03 SendMail:from:walkerh@ndscd.com to:walkerh@ndscd.com successed.
12:18:30 SendMail:from:walkerh@ndscd.com to:walkerh@ndscd.com subject:Daily report - 05/27
12:18:31 SendMail:from:walkerh@ndscd.com to:walkerh@ndscd.com successed.
12:22:06 SendMail:from:walkerh@ndscd.com to:walkerh@ndscd.com subject:Daily report - 05/27
12:22:07 SendMail:from:walkerh@ndscd.com to:walkerh@ndscd.com successed.
12:26:59 SendMail:from:walkerh@ndscd.com to:walkerh@ndscd.com subject:Daily report - 05/27
12:26:59 SendMail:from:walkerh@ndscd.com to:walkerh@ndscd.com successed.
12:35:47 SendMail:from:walkerh@ndscd.com to:walkerh@ndscd.com subject:Daily report - 05/27
12:35:47 SendMail:from:walkerh@ndscd.com to:walkerh@ndscd.com successed.
12:51:58 SendMail:from:walkerh@ndscd.com to:walkerh@ndscd.com subject:Daily report - 05/27
12:51:58 SendMail:from:walkerh@ndscd.com to:walkerh@ndscd.com successed.
18:20:49
com.mysql.jdbc.exceptions.jdbc4.MySQLSyntaxErrorException: execute command denied to user 'rpt'@'%' for routine 'cep.rpt_daily_cep'
	at sun.reflect.NativeConstructorAccessorImpl.newInstance0(Native Method)
	at sun.reflect.NativeConstructorAccessorImpl.newInstance(NativeConstructorAccessorImpl.java:39)
	at sun.reflect.DelegatingConstructorAccessorImpl.newInstance(DelegatingConstructorAccessorImpl.java:27)
	at java.lang.reflect.Constructor.newInstance(Constructor.java:506)
	at com.mysql.jdbc.Util.handleNewInstance(Util.java:406)
	at com.mysql.jdbc.Util.getInstance(Util.java:381)
	at com.mysql.jdbc.SQLError.createSQLException(SQLError.java:1030)
	at com.mysql.jdbc.SQLError.createSQLException(SQLError.java:956)
	at com.mysql.jdbc.MysqlIO.checkErrorPacket(MysqlIO.java:3515)
	at com.mysql.jdbc.MysqlIO.checkErrorPacket(MysqlIO.java:3447)
	at com.mysql.jdbc.MysqlIO.sendCommand(MysqlIO.java:1951)
	at com.mysql.jdbc.MysqlIO.sqlQueryDirect(MysqlIO.java:2101)
	at com.mysql.jdbc.ConnectionImpl.execSQL(ConnectionImpl.java:2548)
	at com.mysql.jdbc.ConnectionImpl.execSQL(ConnectionImpl.java:2477)
	at com.mysql.jdbc.StatementImpl.executeQuery(StatementImpl.java:1422)
	at org.apache.commons.dbcp.DelegatingStatement.executeQuery(DelegatingStatement.java:205)
	at com.synnex.cdc.waf.sql.SQLDAO.executeQuery(SQLDAO.java:244)
	at com.synnex.cdc.waf.sql.SQLDAO.executeQuery(SQLDAO.java:226)
	at com.synnex.cdc.waf.sql.SQLDAO.search(SQLDAO.java:1260)
	at com.rpt.pub.BReportDaily.searchRptDailyCep(BReportDaily.java:158)
	at com.rpt.pub.BReportDaily.main(BReportDaily.java:44)
18:21:58 SendMail:from:walkerh@ndscd.com to:walkerh@ndscd.com subject:Daily report - 05/27
18:21:58 SendMail:from:walkerh@ndscd.com to:walkerh@ndscd.com successed.
18:35:54 SendMail:from:walkerh@ndscd.com to:walkerh@ndscd.com subject:Daily report - 05/27
18:35:55 SendMail:from:walkerh@ndscd.com to:walkerh@ndscd.com successed.
18:40:06 SendMail:from:walkerh@ndscd.com to:walkerh@ndscd.com subject:Daily report - 05/27
18:40:06 SendMail:from:walkerh@ndscd.com to:walkerh@ndscd.com successed.
18:44:04 SendMail:from:walkerh@ndscd.com to:walkerh@ndscd.com subject:Daily report - 05/27
18:44:04 SendMail:from:walkerh@ndscd.com to:walkerh@ndscd.com successed.
18:56:32
java.lang.NumberFormatException: empty String
	at sun.misc.FloatingDecimal.readJavaFormatString(FloatingDecimal.java:994)
	at java.lang.Double.valueOf(Double.java:475)
	at java.lang.Double.<init>(Double.java:567)
	at com.synnex.cdc.waf.util.Format.getNumber(Format.java:88)
	at com.rpt.pub.BReportDaily.formatByItemCode(BReportDaily.java:213)
	at com.rpt.pub.BReportDaily.searchRptDailyJobm(BReportDaily.java:103)
	at com.rpt.pub.BReportDaily.main(BReportDaily.java:47)
18:56:32
java.lang.NumberFormatException: empty String
	at sun.misc.FloatingDecimal.readJavaFormatString(FloatingDecimal.java:994)
	at java.lang.Double.valueOf(Double.java:475)
	at java.lang.Double.<init>(Double.java:567)
	at com.synnex.cdc.waf.util.Format.getNumber(Format.java:88)
	at com.rpt.pub.BReportDaily.formatByItemCode(BReportDaily.java:213)
	at com.rpt.pub.BReportDaily.searchRptDailyJobm(BReportDaily.java:103)
	at com.rpt.pub.BReportDaily.main(BReportDaily.java:47)
18:56:32
java.lang.NumberFormatException: empty String
	at sun.misc.FloatingDecimal.readJavaFormatString(FloatingDecimal.java:994)
	at java.lang.Double.valueOf(Double.java:475)
	at java.lang.Double.<init>(Double.java:567)
	at com.synnex.cdc.waf.util.Format.getNumber(Format.java:88)
	at com.rpt.pub.BReportDaily.formatByItemCode(BReportDaily.java:213)
	at com.rpt.pub.BReportDaily.searchRptDailyJobm(BReportDaily.java:103)
	at com.rpt.pub.BReportDaily.main(BReportDaily.java:47)
18:56:32
java.lang.NumberFormatException: empty String
	at sun.misc.FloatingDecimal.readJavaFormatString(FloatingDecimal.java:994)
	at java.lang.Double.valueOf(Double.java:475)
	at java.lang.Double.<init>(Double.java:567)
	at com.synnex.cdc.waf.util.Format.getNumber(Format.java:88)
	at com.rpt.pub.BReportDaily.formatByItemCode(BReportDaily.java:213)
	at com.rpt.pub.BReportDaily.searchRptDailyJobm(BReportDaily.java:103)
	at com.rpt.pub.BReportDaily.main(BReportDaily.java:47)
18:56:32
java.lang.NumberFormatException: empty String
	at sun.misc.FloatingDecimal.readJavaFormatString(FloatingDecimal.java:994)
	at java.lang.Double.valueOf(Double.java:475)
	at java.lang.Double.<init>(Double.java:567)
	at com.synnex.cdc.waf.util.Format.getNumber(Format.java:88)
	at com.rpt.pub.BReportDaily.formatByItemCode(BReportDaily.java:213)
	at com.rpt.pub.BReportDaily.searchRptDailyTpgag(BReportDaily.java:153)
	at com.rpt.pub.BReportDaily.main(BReportDaily.java:47)
18:56:32
java.lang.NumberFormatException: empty String
	at sun.misc.FloatingDecimal.readJavaFormatString(FloatingDecimal.java:994)
	at java.lang.Double.valueOf(Double.java:475)
	at java.lang.Double.<init>(Double.java:567)
	at com.synnex.cdc.waf.util.Format.getNumber(Format.java:88)
	at com.rpt.pub.BReportDaily.formatByItemCode(BReportDaily.java:213)
	at com.rpt.pub.BReportDaily.searchRptDailyTpgag(BReportDaily.java:153)
	at com.rpt.pub.BReportDaily.main(BReportDaily.java:47)
18:56:32
java.lang.NumberFormatException: empty String
	at sun.misc.FloatingDecimal.readJavaFormatString(FloatingDecimal.java:994)
	at java.lang.Double.valueOf(Double.java:475)
	at java.lang.Double.<init>(Double.java:567)
	at com.synnex.cdc.waf.util.Format.getNumber(Format.java:88)
	at com.rpt.pub.BReportDaily.formatByItemCode(BReportDaily.java:213)
	at com.rpt.pub.BReportDaily.searchRptDailyTpgag(BReportDaily.java:153)
	at com.rpt.pub.BReportDaily.main(BReportDaily.java:47)
18:56:32
java.lang.NumberFormatException: empty String
	at sun.misc.FloatingDecimal.readJavaFormatString(FloatingDecimal.java:994)
	at java.lang.Double.valueOf(Double.java:475)
	at java.lang.Double.<init>(Double.java:567)
	at com.synnex.cdc.waf.util.Format.getNumber(Format.java:88)
	at com.rpt.pub.BReportDaily.formatByItemCode(BReportDaily.java:213)
	at com.rpt.pub.BReportDaily.searchRptDailyTpgag(BReportDaily.java:153)
	at com.rpt.pub.BReportDaily.main(BReportDaily.java:47)
18:56:32
java.lang.NumberFormatException: empty String
	at sun.misc.FloatingDecimal.readJavaFormatString(FloatingDecimal.java:994)
	at java.lang.Double.valueOf(Double.java:475)
	at java.lang.Double.<init>(Double.java:567)
	at com.synnex.cdc.waf.util.Format.getNumber(Format.java:88)
	at com.rpt.pub.BReportDaily.formatByItemCode(BReportDaily.java:213)
	at com.rpt.pub.BReportDaily.searchRptDailyTpgag(BReportDaily.java:153)
	at com.rpt.pub.BReportDaily.main(BReportDaily.java:47)
18:56:32
java.lang.NumberFormatException: empty String
	at sun.misc.FloatingDecimal.readJavaFormatString(FloatingDecimal.java:994)
	at java.lang.Double.valueOf(Double.java:475)
	at java.lang.Double.<init>(Double.java:567)
	at com.synnex.cdc.waf.util.Format.getNumber(Format.java:88)
	at com.rpt.pub.BReportDaily.formatByItemCode(BReportDaily.java:213)
	at com.rpt.pub.BReportDaily.searchRptDailyTpgag(BReportDaily.java:153)
	at com.rpt.pub.BReportDaily.main(BReportDaily.java:47)
18:56:32
java.lang.NumberFormatException: empty String
	at sun.misc.FloatingDecimal.readJavaFormatString(FloatingDecimal.java:994)
	at java.lang.Double.valueOf(Double.java:475)
	at java.lang.Double.<init>(Double.java:567)
	at com.synnex.cdc.waf.util.Format.getNumber(Format.java:88)
	at com.rpt.pub.BReportDaily.formatByItemCode(BReportDaily.java:213)
	at com.rpt.pub.BReportDaily.searchRptDailyTpgag(BReportDaily.java:153)
	at com.rpt.pub.BReportDaily.main(BReportDaily.java:47)
18:56:32
java.lang.NumberFormatException: empty String
	at sun.misc.FloatingDecimal.readJavaFormatString(FloatingDecimal.java:994)
	at java.lang.Double.valueOf(Double.java:475)
	at java.lang.Double.<init>(Double.java:567)
	at com.synnex.cdc.waf.util.Format.getNumber(Format.java:88)
	at com.rpt.pub.BReportDaily.formatByItemCode(BReportDaily.java:213)
	at com.rpt.pub.BReportDaily.searchRptDailyTpgag(BReportDaily.java:153)
	at com.rpt.pub.BReportDaily.main(BReportDaily.java:47)
18:56:35 SendMail:from:walkerh@ndscd.com to:walkerh@ndscd.com subject:Daily report - 05/27
18:56:35 SendMail:from:walkerh@ndscd.com to:walkerh@ndscd.com successed.
18:57:56 SendMail:from:walkerh@ndscd.com to:walkerh@ndscd.com subject:Daily report - 05/27
18:57:56 SendMail:from:walkerh@ndscd.com to:walkerh@ndscd.com successed.
19:01:07 SendMail:from:walkerh@ndscd.com to:walkerh@ndscd.com subject:Daily report - 05/27
19:01:07 SendMail:from:walkerh@ndscd.com to:walkerh@ndscd.com successed.
19:09:15
java.sql.SQLException: Can't reopen table: 'temp_rpt_daily_tpgag'
	at com.mysql.jdbc.SQLError.createSQLException(SQLError.java:1055)
	at com.mysql.jdbc.SQLError.createSQLException(SQLError.java:956)
	at com.mysql.jdbc.MysqlIO.checkErrorPacket(MysqlIO.java:3515)
	at com.mysql.jdbc.MysqlIO.checkErrorPacket(MysqlIO.java:3447)
	at com.mysql.jdbc.MysqlIO.sendCommand(MysqlIO.java:1951)
	at com.mysql.jdbc.MysqlIO.sqlQueryDirect(MysqlIO.java:2101)
	at com.mysql.jdbc.ConnectionImpl.execSQL(ConnectionImpl.java:2548)
	at com.mysql.jdbc.ConnectionImpl.execSQL(ConnectionImpl.java:2477)
	at com.mysql.jdbc.StatementImpl.executeQuery(StatementImpl.java:1422)
	at org.apache.commons.dbcp.DelegatingStatement.executeQuery(DelegatingStatement.java:205)
	at com.synnex.cdc.waf.sql.SQLDAO.executeQuery(SQLDAO.java:244)
	at com.synnex.cdc.waf.sql.SQLDAO.executeQuery(SQLDAO.java:226)
	at com.synnex.cdc.waf.sql.SQLDAO.search(SQLDAO.java:1260)
	at com.rpt.pub.BReportDaily.searchRptDailyTpgag(BReportDaily.java:112)
	at com.rpt.pub.BReportDaily.main(BReportDaily.java:46)
19:12:49 SendMail:from:walkerh@ndscd.com to:walkerh@ndscd.com subject:Daily report - 05/27
19:12:49 SendMail:from:walkerh@ndscd.com to:walkerh@ndscd.com successed.
